Turbo Assembler	 Version 3.2	    09/27/24 12:50:55	    Page 1
lut2.asm
POVNI_DANI_LAB1.asm


      1				     title POVNI_DANI_LAB1.asm
      2
      3	0000			     .MODEL tiny
      4	0000			     .data
      5
      6	0000  F8		     k db -8
      7	0001  F6		     db	-10
      8	0002  FFF6		     dw	-10
      9	0004  0F		     db	15
     10	0005  F1		     db	-15
     11	0006  FE		     db	0feh
     12	0007  00		     db	0b12h
**Error** lut2.asm(12) Value out of range
     13	0008  66		     db	01100110b
     14	0009  008B		     dw	10001011b
     15	000B  000D		     dw	13
     16	000D  3066		     dw	'0f'
     17	000F  0245		     dw	0245h
     18	0011  0005		     dw	0101b
     19	0013  0A32		     dw	0a32h
     20	0015  0F45		     dw	0f45h
     21	0017  0037		     dw	55
     22	0019  0C47		     dw	0c47h
     23	001B  00AF		     dw	0afh
     24	001D  00000004 00000008	  +  dd	4, 8, 0ah, 0ffh
     25	      0000000A 000000FF
     26	002D  FFF1		     dw	-15
     27	002F  F0		     db	-16
     28	0030  FFF0		     dw	-16
     29	0032  7F		     r db 127
     30	0033  FF81		     q dw -127
     31	0035  FF81		     t1	dw -127
     32	0037  80		     db	128
     33	0038  80		     i db -128
     34	0039  FF80		     i1	dw -128
     35	003B  7F		     w db -129
     36	003C  FF7F		     p dw -129
     37	003E  FF		     db	255
     38	003F  01		     db	-255
     39	0040  00		     db	256
**Error** lut2.asm(38) Value out of range
     40	0041  0100		     dw	256
     41				     ; q dw -32768
     42	0043  FFFFFFFF8000	     rr1 df -32768
     43	0049  FFFF8000		     zz1 dd -32768
     44	004D  7FFF		     j dw 32767
     45	004F  FFFF		     a dw 65535
     46	0051  0001		     dw	-65535
     47	0053  FFFF0001		     dd	-65535
     48	0057  7FFE7960		     dd	-2147583648
     49	005B  8001869F		     dd	2147583647
     50	005F  FFFFFFFF7FFE7960	     dq	-2147583648
     51	0067  000000008001869F	     dq	2147583647
     52	006F  00A8		     ll	dw 10101000b
     53	0071  0C E2 84 96 00	     ff	db 12, "№", 0b12h
**Error** lut2.asm(52) Value out of range
     54	0076  000C 0000	0B12	     f1	dw 12, "№", 0b12h
Turbo Assembler	 Version 3.2	    09/27/24 12:50:55	    Page 2
lut2.asm
POVNI_DANI_LAB1.asm


**Error** lut2.asm(53) Value out of range
     55	007C  05		     g5	db 0101b
     56	007D  0005		     ss	dw 00000101b
**Error** lut2.asm(55) Symbol already different	kind: SS
     57	007F  000000000000001A	     xx	dq 26
     58	0087  0F45 0037	0042	     c1	dw 0f45h, 55, 66
     59	008D  8F		     a1	db -113
     60	008E  FF8F		     a2	dw -113
     61	0090  61		     ii	db -159
     62	0091  FF61		     i11 dw -159
     63	0093  A7		     s1	db -89
     64	0094  FFA7		     ss5 dw -89
     65	0096  A4		     s2	db -92
     66	0097  FFA4		     ff2 dw -92
     67	0099  FF19		     s3	dw -231
     68	009B  73 69 67 6D 61	     a11 db "sigma"
     69	00A0  0000		     a22 dw e301h
**Error** lut2.asm(68) Undefined symbol: E301H
     70	00A2  0C		     a33 db 12
     71	00A3  009Br		     a55 dw offset a11
     72	00A5  000D		     a66 dw 13
     73	00A7  FF85		     gg	dw -123
     74	00A9  FFF7		     hh	dw -9
     75
     76				     end
Turbo Assembler	 Version 3.2	    09/27/24 12:50:55	    Page 3
Symbol Table
POVNI_DANI_LAB1.asm



Symbol Name			  Type	 Value

??DATE				  Text	 "09/27/24"
??FILENAME			  Text	 "lut2	  "
??TIME				  Text	 "12:50:55"
??VERSION			  Number 0314
@32BIT				  Text	 0
@CODE				  Text	 DGROUP
@CODESIZE			  Text	 0
@CPU				  Text	 0101H
@CURSEG				  Text	 _DATA
@DATA				  Text	 DGROUP
@DATASIZE			  Text	 0
@FILENAME			  Text	 LUT2
@INTERFACE			  Text	 00H
@MODEL				  Text	 1
@STACK				  Text	 DGROUP
@WORDSIZE			  Text	 2
A				  Word	 DGROUP:004F
A1				  Byte	 DGROUP:008D
A11				  Byte	 DGROUP:009B
A2				  Word	 DGROUP:008E
A22				  Word	 DGROUP:00A0
A33				  Byte	 DGROUP:00A2
A55				  Word	 DGROUP:00A3
A66				  Word	 DGROUP:00A5
C1				  Word	 DGROUP:0087
F1				  Word	 DGROUP:0076
FF				  Byte	 DGROUP:0071
FF2				  Word	 DGROUP:0097
G5				  Byte	 DGROUP:007C
GG				  Word	 DGROUP:00A7
HH				  Word	 DGROUP:00A9
I				  Byte	 DGROUP:0038
I1				  Word	 DGROUP:0039
I11				  Word	 DGROUP:0091
II				  Byte	 DGROUP:0090
J				  Word	 DGROUP:004D
K				  Byte	 DGROUP:0000
LL				  Word	 DGROUP:006F
P				  Word	 DGROUP:003C
Q				  Word	 DGROUP:0033
R				  Byte	 DGROUP:0032
RR1				  Pword	 DGROUP:0043
S1				  Byte	 DGROUP:0093
S2				  Byte	 DGROUP:0096
S3				  Word	 DGROUP:0099
SS5				  Word	 DGROUP:0094
T1				  Word	 DGROUP:0035
W				  Byte	 DGROUP:003B
XX				  Qword	 DGROUP:007F
ZZ1				  Dword	 DGROUP:0049
Turbo Assembler	 Version 3.2	    09/27/24 12:50:55	    Page 4
Symbol Table
POVNI_DANI_LAB1.asm



Groups & Segments		  Bit Size Align  Combine Class

DGROUP				  Group
  _DATA				  16  00AB Word	  Public  DATA
  _TEXT				  16  0000 Word	  Public  CODE
Turbo Assembler	 Version 3.2	    09/27/24 12:50:55	    Page 5
Error Summary
POVNI_DANI_LAB1.asm


**Error** lut2.asm(12) Value out of range
**Error** lut2.asm(38) Value out of range
**Error** lut2.asm(52) Value out of range
**Error** lut2.asm(53) Value out of range
**Error** lut2.asm(55) Symbol already different	kind: SS
**Error** lut2.asm(68) Undefined symbol: E301H
