Turbo Assembler	 Version 3.2	    09/27/24 12:15:09	    Page 1
Lutsenko.asm
lab1.asm


      1				     title lab1.asm
      2
      3	0000			     .MODEL tiny
      4	0000			     .DATA
      5
      6				     ; byte
      7	0000  00 FF		     i db 0, 255
      8	0002  01		     i1	db -255
      9	0003  80 7F		     ii	db -128, 127
     10
     11				     ; my values (byte)
     12	0005  9C			db 156
     13	0006  8A			db 138
     14	0007  76			db -138
     15
     16
     17				     ; word
     18	0008  FF01		     r0	dw -255
     19	000A  0000 FFFF		     r dw 0, 65535
     20	000E  FFFF 8000		     r1	dw -1, -32768
     21	0012  0001 7FFF		     r2	dw 1, 32767
     22	0016  0001		     r3	dw -65535
     23	0018  FFFF0001		     r4	dd -65535
     24
     25				     ; my values (word)
     26	001C  FF64			dw -156
     27	001E  0535			dw 1333
     28	0020  0523			dw 1315
     29	0022  FACB			dw -1333
     30	0024  FADD			dw -1315
     31
     32				     end
Turbo Assembler	 Version 3.2	    09/27/24 12:15:09	    Page 2
Symbol Table
lab1.asm



Symbol Name			  Type	 Value

??DATE				  Text	 "09/27/24"
??FILENAME			  Text	 "Lutsenko"
??TIME				  Text	 "12:15:09"
??VERSION			  Number 0314
@32BIT				  Text	 0
@CODE				  Text	 DGROUP
@CODESIZE			  Text	 0
@CPU				  Text	 0101H
@CURSEG				  Text	 _DATA
@DATA				  Text	 DGROUP
@DATASIZE			  Text	 0
@FILENAME			  Text	 LUTSENKO
@INTERFACE			  Text	 00H
@MODEL				  Text	 1
@STACK				  Text	 DGROUP
@WORDSIZE			  Text	 2
I				  Byte	 DGROUP:0000
I1				  Byte	 DGROUP:0002
II				  Byte	 DGROUP:0003
R				  Word	 DGROUP:000A
R0				  Word	 DGROUP:0008
R1				  Word	 DGROUP:000E
R2				  Word	 DGROUP:0012
R3				  Word	 DGROUP:0016
R4				  Dword	 DGROUP:0018

Groups & Segments		  Bit Size Align  Combine Class

DGROUP				  Group
  _DATA				  16  0026 Word	  Public  DATA
  _TEXT				  16  0000 Word	  Public  CODE
